<?xml version="1.0" encoding="UTF-8"?>
<!-- Generated by org.testng.reporters.JUnitXMLReporter -->
<testsuite ignored="0" hostname="DESKTOP-TQOT31I" failures="0" tests="14" name="Test" time="1.088" errors="0" timestamp="2023-05-02T08:47:37 IST">
  <testcase classname="SanityTest.HomePage" name="verifyItems" time="0.251"/>
  <testcase classname="SanityTest.HomePage" name="verifySearchButton" time="0.014"/>
  <testcase classname="SanityTest.HomePage" name="verifySignInButton" time="0.005"/>
  <testcase classname="FunctionalTest.Product" name="verifyElectronicItems" time="0.005"/>
  <testcase classname="FunctionalTest.Product" name="verifyGrocery" time="0.004"/>
  <testcase classname="FunctionalTest.Product" name="verifyHomeDecor" time="0.006"/>
  <testcase classname="FunctionalTest.Product" name="verifyKitchenApplience" time="0.032"/>
  <testcase classname="FunctionalTest.Payment" name="verifyCreditcardPayment" time="0.003"/>
  <testcase classname="FunctionalTest.Payment" name="verifyDebitcardPayment" time="0.005"/>
  <testcase classname="FunctionalTest.Payment" name="verifyElectronicItemsPayment" time="0.003"/>
  <testcase classname="FunctionalTest.Payment" name="verifyNetBanking" time="0.008"/>
  <testcase classname="FunctionalTest.Payment" name="verifyUPIPayment" time="0.006"/>
  <testcase classname="SanityTest.Login" name="verifyLoginWithEmail" time="0.004"/>
  <testcase classname="SanityTest.Login" name="verifyLoginWithMobile" time="0.005"/>
</testsuite> <!-- Test -->
