<?xml version="1.0" encoding="UTF-8"?>
<!-- Generated by org.testng.reporters.JUnitXMLReporter -->
<testsuite ignored="0" hostname="DESKTOP-TQOT31I" failures="0" tests="9" name="Test" time="0.377" errors="0" timestamp="2023-05-02T09:28:32 IST">
  <testcase classname="FunctionalTest.Product" name="verifyElectronicItems" time="0.097"/>
  <testcase classname="FunctionalTest.Product" name="verifyGrocery" time="0.002"/>
  <testcase classname="FunctionalTest.Product" name="verifyHomeDecor" time="0.004"/>
  <testcase classname="FunctionalTest.Product" name="verifyKitchenApplience" time="0.003"/>
  <testcase classname="FunctionalTest.Payment" name="verifyCreditcardPayment" time="0.003"/>
  <testcase classname="FunctionalTest.Payment" name="verifyDebitcardPayment" time="0.002"/>
  <testcase classname="FunctionalTest.Payment" name="verifyElectronicItemsPayment" time="0.005"/>
  <testcase classname="FunctionalTest.Payment" name="verifyNetBanking" time="0.003"/>
  <testcase classname="FunctionalTest.Payment" name="verifyUPIPayment" time="0.002"/>
</testsuite> <!-- Test -->
