<?xml version="1.0" encoding="UTF-8"?>
<testng-results ignored="0" total="14" passed="14" failed="0" skipped="0">
  <reporter-output>
  </reporter-output>
  <suite started-at="2023-05-02T09:28:32 IST" name="Suite" finished-at="2023-05-02T09:28:32 IST" duration-ms="377">
    <groups>
    </groups>
    <test started-at="2023-05-02T09:28:32 IST" name="Test" finished-at="2023-05-02T09:28:32 IST" duration-ms="377">
      <class name="FunctionalTest.Product">
        <test-method signature="verifyElectronicItems()[pri:0, instance:FunctionalTest.Product@7d0b7e3c]" started-at="2023-05-02T09:28:32 IST" name="verifyElectronicItems" finished-at="2023-05-02T09:28:32 IST" duration-ms="97" status="PASS">
          <reporter-output>
          </reporter-output>
        </test-method> <!-- verifyElectronicItems -->
        <test-method signature="verifyGrocery()[pri:0, instance:FunctionalTest.Product@7d0b7e3c]" started-at="2023-05-02T09:28:32 IST" name="verifyGrocery" finished-at="2023-05-02T09:28:32 IST" duration-ms="2" status="PASS">
          <reporter-output>
          </reporter-output>
        </test-method> <!-- verifyGrocery -->
        <test-method signature="verifyHomeDecor()[pri:0, instance:FunctionalTest.Product@7d0b7e3c]" started-at="2023-05-02T09:28:32 IST" name="verifyHomeDecor" finished-at="2023-05-02T09:28:32 IST" duration-ms="4" status="PASS">
          <reporter-output>
          </reporter-output>
        </test-method> <!-- verifyHomeDecor -->
        <test-method signature="verifyKitchenApplience()[pri:0, instance:FunctionalTest.Product@7d0b7e3c]" started-at="2023-05-02T09:28:32 IST" name="verifyKitchenApplience" finished-at="2023-05-02T09:28:32 IST" duration-ms="3" status="PASS">
          <reporter-output>
          </reporter-output>
        </test-method> <!-- verifyKitchenApplience -->
      </class> <!-- FunctionalTest.Product -->
      <class name="FunctionalTest.Payment">
        <test-method signature="verifyCreditcardPayment()[pri:0, instance:FunctionalTest.Payment@74ea2410]" started-at="2023-05-02T09:28:32 IST" name="verifyCreditcardPayment" finished-at="2023-05-02T09:28:32 IST" duration-ms="3" status="PASS">
          <reporter-output>
          </reporter-output>
        </test-method> <!-- verifyCreditcardPayment -->
        <test-method signature="verifyDebitcardPayment()[pri:0, instance:FunctionalTest.Payment@74ea2410]" started-at="2023-05-02T09:28:32 IST" name="verifyDebitcardPayment" finished-at="2023-05-02T09:28:32 IST" duration-ms="2" status="PASS">
          <reporter-output>
          </reporter-output>
        </test-method> <!-- verifyDebitcardPayment -->
        <test-method signature="verifyElectronicItemsPayment()[pri:0, instance:FunctionalTest.Payment@74ea2410]" started-at="2023-05-02T09:28:32 IST" name="verifyElectronicItemsPayment" finished-at="2023-05-02T09:28:32 IST" duration-ms="5" status="PASS">
          <reporter-output>
          </reporter-output>
        </test-method> <!-- verifyElectronicItemsPayment -->
        <test-method signature="verifyNetBanking()[pri:0, instance:FunctionalTest.Payment@74ea2410]" started-at="2023-05-02T09:28:32 IST" name="verifyNetBanking" finished-at="2023-05-02T09:28:32 IST" duration-ms="3" status="PASS">
          <reporter-output>
          </reporter-output>
        </test-method> <!-- verifyNetBanking -->
        <test-method signature="verifyUPIPayment()[pri:0, instance:FunctionalTest.Payment@74ea2410]" started-at="2023-05-02T09:28:32 IST" name="verifyUPIPayment" finished-at="2023-05-02T09:28:32 IST" duration-ms="2" status="PASS">
          <reporter-output>
          </reporter-output>
        </test-method> <!-- verifyUPIPayment -->
      </class> <!-- FunctionalTest.Payment -->
    </test> <!-- Test -->
  </suite> <!-- Suite -->
  <suite started-at="2023-05-02T09:28:32 IST" name="Suite (0)" finished-at="2023-05-02T09:28:32 IST" duration-ms="38">
    <groups>
    </groups>
    <test started-at="2023-05-02T09:28:32 IST" name="Test" finished-at="2023-05-02T09:28:32 IST" duration-ms="38">
      <class name="SanityTest.HomePage">
        <test-method signature="verifyItems()[pri:0, instance:SanityTest.HomePage@14028087]" started-at="2023-05-02T09:28:32 IST" name="verifyItems" finished-at="2023-05-02T09:28:32 IST" duration-ms="3" status="PASS">
          <reporter-output>
          </reporter-output>
        </test-method> <!-- verifyItems -->
        <test-method signature="verifySearchButton()[pri:0, instance:SanityTest.HomePage@14028087]" started-at="2023-05-02T09:28:32 IST" name="verifySearchButton" finished-at="2023-05-02T09:28:32 IST" duration-ms="2" status="PASS">
          <reporter-output>
          </reporter-output>
        </test-method> <!-- verifySearchButton -->
        <test-method signature="verifySignInButton()[pri:0, instance:SanityTest.HomePage@14028087]" started-at="2023-05-02T09:28:32 IST" name="verifySignInButton" finished-at="2023-05-02T09:28:32 IST" duration-ms="4" status="PASS">
          <reporter-output>
          </reporter-output>
        </test-method> <!-- verifySignInButton -->
      </class> <!-- SanityTest.HomePage -->
      <class name="SanityTest.Login">
        <test-method signature="verifyLoginWithEmail()[pri:0, instance:SanityTest.Login@cecf639]" started-at="2023-05-02T09:28:32 IST" name="verifyLoginWithEmail" finished-at="2023-05-02T09:28:32 IST" duration-ms="3" status="PASS">
          <reporter-output>
          </reporter-output>
        </test-method> <!-- verifyLoginWithEmail -->
        <test-method signature="verifyLoginWithMobile()[pri:0, instance:SanityTest.Login@cecf639]" started-at="2023-05-02T09:28:32 IST" name="verifyLoginWithMobile" finished-at="2023-05-02T09:28:32 IST" duration-ms="3" status="PASS">
          <reporter-output>
          </reporter-output>
        </test-method> <!-- verifyLoginWithMobile -->
      </class> <!-- SanityTest.Login -->
    </test> <!-- Test -->
  </suite> <!-- Suite (0) -->
  <suite started-at="2023-05-02T09:28:32 IST" name="Master Suite" finished-at="2023-05-02T09:28:32 IST" duration-ms="0">
    <groups>
    </groups>
  </suite> <!-- Master Suite -->
</testng-results>
