<?xml version="1.0" encoding="UTF-8"?>
<!-- Generated by org.testng.reporters.JUnitXMLReporter -->
<testsuite ignored="0" hostname="DESKTOP-TQOT31I" failures="0" tests="5" name="Test" time="0.038" errors="0" timestamp="2023-05-02T09:28:32 IST">
  <testcase classname="SanityTest.HomePage" name="verifyItems" time="0.003"/>
  <testcase classname="SanityTest.HomePage" name="verifySearchButton" time="0.002"/>
  <testcase classname="SanityTest.HomePage" name="verifySignInButton" time="0.004"/>
  <testcase classname="SanityTest.Login" name="verifyLoginWithEmail" time="0.003"/>
  <testcase classname="SanityTest.Login" name="verifyLoginWithMobile" time="0.003"/>
</testsuite> <!-- Test -->
